<?xml version="1.0" encoding="UTF-8"?>
<coverage generated="1703442228159" clover="3.2.0">
  <project timestamp="1703442228159" name="All files">
    <metrics statements="4" coveredstatements="4" conditionals="3" coveredconditionals="3" methods="2" coveredmethods="2" elements="9" coveredelements="9" complexity="0" loc="4" ncloc="4" packages="1" files="1" classes="1"/>
    <file name="destruction.js" path="/Users/kaimac/Desktop/destructuring/src/js/destruction.js">
      <metrics statements="4" coveredstatements="4" conditionals="3" coveredconditionals="3" methods="2" coveredmethods="2"/>
      <line num="2" count="2" type="cond" truecount="2" falsecount="0"/>
      <line num="3" count="1" type="stmt"/>
      <line num="6" count="1" type="stmt"/>
      <line num="7" count="2" type="cond" truecount="1" falsecount="0"/>
    </file>
  </project>
</coverage>
